<?xml version="1.0" encoding="UTF-8"?>
<!-- Generated by org.testng.reporters.JUnitReportReporter -->
<testsuite hostname="Nimesh-PC" failures="0" tests="1" name="com.flipkart.TC_SearchforProduct_002" time="21.287" errors="0" timestamp="2023-10-19T18:20:22 IST" skipped="0">
  <testcase classname="com.flipkart.TC_SearchforProduct_002" name="SearchforProduct" time="21.287"/>
</testsuite> <!-- com.flipkart.TC_SearchforProduct_002 -->
