<?xml version="1.0" encoding="UTF-8"?>
<!-- Generated by org.testng.reporters.JUnitReportReporter -->
<testsuite hostname="Nimesh-PC" failures="0" tests="1" name="com.flipkart.TC_BuyNow_4" time="61.603" errors="0" timestamp="2023-10-20T11:04:31 IST" skipped="0">
  <testcase classname="com.flipkart.TC_BuyNow_4" name="BuyNow" time="61.603"/>
</testsuite> <!-- com.flipkart.TC_BuyNow_4 -->
