<?xml version="1.0" encoding="UTF-8"?>
<!-- Generated by org.testng.reporters.JUnitReportReporter -->
<testsuite hostname="Nimesh-PC" failures="0" tests="1" name="com.flipkart.TC_AddtoCart_004" time="112.101" errors="0" timestamp="2023-10-20T11:07:04 IST" skipped="0">
  <testcase classname="com.flipkart.TC_AddtoCart_004" name="AddtoCart" time="112.101"/>
</testsuite> <!-- com.flipkart.TC_AddtoCart_004 -->
