<?xml version="1.0" encoding="UTF-8"?>
<!-- Generated by org.testng.reporters.JUnitReportReporter -->
<testsuite hostname="Nimesh-PC" failures="0" tests="1" name="com.flipkart.TC_LoginTest_001" time="111.044" errors="0" timestamp="2023-10-19T18:12:51 IST" skipped="0">
  <testcase classname="com.flipkart.TC_LoginTest_001" name="loginTest" time="111.044"/>
</testsuite> <!-- com.flipkart.TC_LoginTest_001 -->
